# JRE version: OpenJDK Runtime Environment (22.0.1+8) (build 22.0.1+8-16)
# Java VM: OpenJDK 64-Bit Server VM (22.0.1+8-16, mixed mode, emulated-client, sharing, tiered, compressed oops, compressed class ptrs, g1 gc, windows-amd64)
GC Precious Log:
 CardTable entry size: 512
 Card Set container configuration: InlinePtr #cards 4 size 8 Array Of Cards #cards 16 size 48 Howl #buckets 8 coarsen threshold 3686 Howl Bitmap #cards 512 size 80 coarsen threshold 460 Card regions per heap region 1 cards per card region 4096
 CPUs: 8 total, 8 available
 Memory: 16258M
 Large Page Support: Disabled
 NUMA Support: Disabled
 Compressed Oops: Enabled (Zero based)
 Heap Region Size: 2M
 Heap Min Capacity: 8M
 Heap Initial Capacity: 256M
 Heap Max Capacity: 4066M
 Pre-touch: Disabled
 Parallel Workers: 8
 Concurrent Workers: 2
 Concurrent Refinement Workers: 8
 Periodic GC: Disabled
Heap:
 garbage-first heap   total reserved 4163584K, committed 61440K, used 28646K [0x0000000701e00000, 0x0000000800000000)
  region size 2048K, 2 young (4096K), 2 survivors (4096K)
 Metaspace       used 33302K, committed 33920K, reserved 1114112K
  class space    used 4648K, committed 4928K, reserved 1048576K
GC Heap History (17 events):
Event: 6.006 GC heap before
{Heap before GC invocations=0 (full 0):
 garbage-first heap   total reserved 4163584K, committed 262144K, used 22528K [0x0000000701e00000, 0x0000000800000000)
  region size 2048K, 12 young (24576K), 0 survivors (0K)
 Metaspace       used 5419K, committed 5632K, reserved 1114112K
  class space    used 623K, committed 704K, reserved 1048576K
}
Event: 6.018 GC heap after
{Heap after GC invocations=1 (full 0):
 garbage-first heap   total reserved 4163584K, committed 262144K, used 8859K [0x0000000701e00000, 0x0000000800000000)
  region size 2048K, 2 young (4096K), 2 survivors (4096K)
 Metaspace       used 5419K, committed 5632K, reserved 1114112K
  class space    used 623K, committed 704K, reserved 1048576K
}
Event: 7.429 GC heap before
{Heap before GC invocations=1 (full 0):
 garbage-first heap   total reserved 4163584K, committed 262144K, used 33435K [0x0000000701e00000, 0x0000000800000000)
  region size 2048K, 14 young (28672K), 2 survivors (4096K)
 Metaspace       used 12037K, committed 12288K, reserved 1114112K
  class space    used 1481K, committed 1600K, reserved 1048576K
}
Event: 7.439 GC heap after
{Heap after GC invocations=2 (full 0):
 garbage-first heap   total reserved 4163584K, committed 262144K, used 12056K [0x0000000701e00000, 0x0000000800000000)
  region size 2048K, 2 young (4096K), 2 survivors (4096K)
 Metaspace       used 12037K, committed 12288K, reserved 1114112K
  class space    used 1481K, committed 1600K, reserved 1048576K
}
Event: 9.616 GC heap before
{Heap before GC invocations=2 (full 0):
 garbage-first heap   total reserved 4163584K, committed 262144K, used 57112K [0x0000000701e00000, 0x0000000800000000)
  region size 2048K, 26 young (53248K), 2 survivors (4096K)
 Metaspace       used 21260K, committed 21504K, reserved 1114112K
  class space    used 2908K, committed 3008K, reserved 1048576K
}
Event: 9.630 GC heap after
{Heap after GC invocations=3 (full 0):
 garbage-first heap   total reserved 4163584K, committed 262144K, used 15756K [0x0000000701e00000, 0x0000000800000000)
  region size 2048K, 4 young (8192K), 4 survivors (8192K)
 Metaspace       used 21260K, committed 21504K, reserved 1114112K
  class space    used 2908K, committed 3008K, reserved 1048576K
}
Event: 11.134 GC heap before
{Heap before GC invocations=4 (full 0):
 garbage-first heap   total reserved 4163584K, committed 61440K, used 44428K [0x0000000701e00000, 0x0000000800000000)
  region size 2048K, 18 young (36864K), 4 survivors (8192K)
 Metaspace       used 23817K, committed 24128K, reserved 1114112K
  class space    used 3264K, committed 3392K, reserved 1048576K
}
Event: 11.154 GC heap after
{Heap after GC invocations=5 (full 0):
 garbage-first heap   total reserved 4163584K, committed 61440K, used 17937K [0x0000000701e00000, 0x0000000800000000)
  region size 2048K, 2 young (4096K), 2 survivors (4096K)
 Metaspace       used 23817K, committed 24128K, reserved 1114112K
  class space    used 3264K, committed 3392K, reserved 1048576K
}
Event: 13.111 GC heap before
{Heap before GC invocations=5 (full 0):
 garbage-first heap   total reserved 4163584K, committed 61440K, used 42513K [0x0000000701e00000, 0x0000000800000000)
  region size 2048K, 14 young (28672K), 2 survivors (4096K)
 Metaspace       used 27144K, committed 27648K, reserved 1114112K
  class space    used 3750K, committed 3968K, reserved 1048576K
}
Event: 13.126 GC heap after
{Heap after GC invocations=6 (full 0):
 garbage-first heap   total reserved 4163584K, committed 61440K, used 20086K [0x0000000701e00000, 0x0000000800000000)
  region size 2048K, 1 young (2048K), 1 survivors (2048K)
 Metaspace       used 27144K, committed 27648K, reserved 1114112K
  class space    used 3750K, committed 3968K, reserved 1048576K
}
Event: 16.127 GC heap before
{Heap before GC invocations=6 (full 0):
 garbage-first heap   total reserved 4163584K, committed 61440K, used 46710K [0x0000000701e00000, 0x0000000800000000)
  region size 2048K, 14 young (28672K), 1 survivors (2048K)
 Metaspace       used 31204K, committed 31744K, reserved 1114112K
  class space    used 4350K, committed 4544K, reserved 1048576K
}
Event: 16.152 GC heap after
{Heap after GC invocations=7 (full 0):
 garbage-first heap   total reserved 4163584K, committed 61440K, used 22332K [0x0000000701e00000, 0x0000000800000000)
  region size 2048K, 2 young (4096K), 2 survivors (4096K)
 Metaspace       used 31204K, committed 31744K, reserved 1114112K
  class space    used 4350K, committed 4544K, reserved 1048576K
}
Event: 17.662 GC heap before
{Heap before GC invocations=7 (full 0):
 garbage-first heap   total reserved 4163584K, committed 61440K, used 48956K [0x0000000701e00000, 0x0000000800000000)
  region size 2048K, 15 young (30720K), 2 survivors (4096K)
 Metaspace       used 33218K, committed 33664K, reserved 1114112K
  class space    used 4629K, committed 4800K, reserved 1048576K
}
Event: 17.692 GC heap after
{Heap after GC invocations=8 (full 0):
 garbage-first heap   total reserved 4163584K, committed 61440K, used 24576K [0x0000000701e00000, 0x0000000800000000)
  region size 2048K, 1 young (2048K), 1 survivors (2048K)
 Metaspace       used 33218K, committed 33664K, reserved 1114112K
  class space    used 4629K, committed 4800K, reserved 1048576K
}
Event: 18.299 GC heap before
{Heap before GC invocations=8 (full 0):
 garbage-first heap   total reserved 4163584K, committed 61440K, used 51200K [0x0000000701e00000, 0x0000000800000000)
  region size 2048K, 14 young (28672K), 1 survivors (2048K)
 Metaspace       used 33302K, committed 33920K, reserved 1114112K
  class space    used 4648K, committed 4928K, reserved 1048576K
}
Event: 18.315 GC heap after
{Heap after GC invocations=9 (full 0):
 garbage-first heap   total reserved 4163584K, committed 61440K, used 26624K [0x0000000701e00000, 0x0000000800000000)
  region size 2048K, 2 young (4096K), 2 survivors (4096K)
 Metaspace       used 33302K, committed 33920K, reserved 1114112K
  class space    used 4648K, committed 4928K, reserved 1048576K
}
Event: 18.565 GC heap before
{Heap before GC invocations=9 (full 0):
 garbage-first heap   total reserved 4163584K, committed 61440K, used 51200K [0x0000000701e00000, 0x0000000800000000)
  region size 2048K, 14 young (28672K), 2 survivors (4096K)
 Metaspace       used 33302K, committed 33920K, reserved 1114112K
  class space    used 4648K, committed 4928K, reserved 1048576K
}

